c:\users\howar\desktop\final\final\final\debug\vc143.pdb
c:\users\howar\desktop\final\final\final\debug\vc143.idb
c:\users\howar\desktop\final\final\final\debug\snake.obj
c:\users\howar\desktop\final\final\final\debug\plane.obj
c:\users\howar\desktop\final\final\final\debug\main.obj
c:\users\howar\desktop\final\final\final\debug\gomoku.obj
c:\users\howar\desktop\final\final\final\debug\finalproject.obj
c:\users\howar\desktop\final\final\final\debug\2048.obj
c:\users\howar\desktop\final\final\final\debug\1a2b.obj
c:\users\howar\desktop\final\final\debug\final.pdb
c:\users\howar\desktop\final\final\final\debug\final.tlog\cl.command.1.tlog
c:\users\howar\desktop\final\final\final\debug\final.tlog\cl.read.1.tlog
c:\users\howar\desktop\final\final\final\debug\final.tlog\cl.write.1.tlog
c:\users\howar\desktop\final\final\final\debug\final.tlog\link-cvtres.read.1.tlog
c:\users\howar\desktop\final\final\final\debug\final.tlog\link-cvtres.write.1.tlog
c:\users\howar\desktop\final\final\final\debug\final.tlog\link-rc.read.1.tlog
c:\users\howar\desktop\final\final\final\debug\final.tlog\link-rc.write.1.tlog
c:\users\howar\desktop\final\final\final\debug\final.tlog\link.command.1.tlog
c:\users\howar\desktop\final\final\final\debug\final.tlog\link.read.1.tlog
c:\users\howar\desktop\final\final\final\debug\final.tlog\link.write.1.tlog
